<?xml version="1.0" encoding="UTF-8"?>
<testng-results ignored="0" total="1" passed="1" failed="0" skipped="0">
  <reporter-output>
  </reporter-output>
  <suite started-at="2021-10-28T10:27:35 SAST" name="Default suite" finished-at="2021-10-28T10:28:40 SAST" duration-ms="64234">
    <groups>
    </groups>
    <test started-at="2021-10-28T10:27:35 SAST" name="Default test" finished-at="2021-10-28T10:28:40 SAST" duration-ms="64234">
      <class name="testCases.TCLogin">
        <test-method is-config="true" signature="launch()[pri:0, instance:testCases.TCLogin@4ec4f3a0]" started-at="2021-10-28T10:27:35 SAST" name="launch" finished-at="2021-10-28T10:27:54 SAST" duration-ms="18923" status="PASS">
          <reporter-output>
          </reporter-output>
        </test-method> <!-- launch -->
        <test-method signature="register()[pri:0, instance:testCases.TCLogin@4ec4f3a0]" started-at="2021-10-28T10:27:54 SAST" name="register" finished-at="2021-10-28T10:28:40 SAST" duration-ms="45188" status="PASS">
          <reporter-output>
          </reporter-output>
        </test-method> <!-- register -->
      </class> <!-- testCases.TCLogin -->
    </test> <!-- Default test -->
  </suite> <!-- Default suite -->
</testng-results>
