<?xml version="1.0" encoding="UTF-8"?>
<testng-results ignored="0" total="0" passed="0" failed="0" skipped="0">
  <reporter-output>
  </reporter-output>
  <suite started-at="2021-10-20T09:14:05 SAST" name="Default suite" finished-at="2021-10-20T09:14:05 SAST" duration-ms="25">
    <groups>
    </groups>
    <test started-at="2021-10-20T09:14:05 SAST" name="Default test" finished-at="2021-10-20T09:14:05 SAST" duration-ms="25">
    </test> <!-- Default test -->
  </suite> <!-- Default suite -->
</testng-results>
