<?xml version="1.0" encoding="UTF-8"?>
<testng-results ignored="0" total="1" passed="1" failed="0" skipped="0">
  <reporter-output>
  </reporter-output>
  <suite started-at="2021-10-25T12:35:25 SAST" name="Surefire suite" finished-at="2021-10-25T12:35:25 SAST" duration-ms="115">
    <groups>
    </groups>
    <test started-at="2021-10-25T12:35:25 SAST" name="Surefire test" finished-at="2021-10-25T12:35:25 SAST" duration-ms="115">
      <class name="zensar.WoolworthsMaven.AppTest">
        <test-method signature="shouldAnswerWithTrue()" started-at="2021-10-25T12:35:25 SAST" name="shouldAnswerWithTrue" finished-at="2021-10-25T12:35:25 SAST" duration-ms="16" status="PASS">
          <reporter-output>
          </reporter-output>
        </test-method> <!-- shouldAnswerWithTrue -->
      </class> <!-- zensar.WoolworthsMaven.AppTest -->
    </test> <!-- Surefire test -->
  </suite> <!-- Surefire suite -->
</testng-results>
