<?xml version="1.0" encoding="UTF-8"?>
<testng-results ignored="0" total="2" passed="2" failed="0" skipped="0">
  <reporter-output>
  </reporter-output>
  <suite started-at="2021-10-25T13:11:35 SAST" name="Default suite" finished-at="2021-10-25T13:15:39 SAST" duration-ms="243714">
    <groups>
    </groups>
    <test started-at="2021-10-25T13:11:35 SAST" name="Default test" finished-at="2021-10-25T13:15:39 SAST" duration-ms="243714">
      <class name="zensar.WoolworthsMaven.Registration">
        <test-method is-config="true" signature="launch()[pri:0, instance:zensar.WoolworthsMaven.Registration@f6efaab]" started-at="2021-10-25T13:11:35 SAST" name="launch" finished-at="2021-10-25T13:11:56 SAST" duration-ms="20295" status="PASS">
          <reporter-output>
          </reporter-output>
        </test-method> <!-- launch -->
        <test-method signature="Registration()[pri:0, instance:zensar.WoolworthsMaven.Registration@f6efaab]" started-at="2021-10-25T13:11:56 SAST" name="Registration" finished-at="2021-10-25T13:14:02 SAST" duration-ms="126185" status="PASS">
          <reporter-output>
          </reporter-output>
        </test-method> <!-- Registration -->
        <test-method signature="zlogin()[pri:0, instance:zensar.WoolworthsMaven.Registration@f6efaab]" started-at="2021-10-25T13:14:02 SAST" name="zlogin" finished-at="2021-10-25T13:15:39 SAST" duration-ms="96586" status="PASS">
          <reporter-output>
          </reporter-output>
        </test-method> <!-- zlogin -->
        <test-method is-config="true" signature="closeBrowser()[pri:0, instance:zensar.WoolworthsMaven.Registration@f6efaab]" started-at="2021-10-25T13:15:39 SAST" name="closeBrowser" finished-at="2021-10-25T13:15:39 SAST" duration-ms="557" status="PASS">
          <reporter-output>
          </reporter-output>
        </test-method> <!-- closeBrowser -->
      </class> <!-- zensar.WoolworthsMaven.Registration -->
    </test> <!-- Default test -->
  </suite> <!-- Default suite -->
</testng-results>
