<?xml version="1.0" encoding="UTF-8"?>
<testng-results ignored="0" total="1" passed="1" failed="0" skipped="0">
  <reporter-output>
  </reporter-output>
  <suite started-at="2021-10-25T11:03:56 SAST" name="Default suite" finished-at="2021-10-25T11:04:04 SAST" duration-ms="7731">
    <groups>
    </groups>
    <test started-at="2021-10-25T11:03:56 SAST" name="Default test" finished-at="2021-10-25T11:04:04 SAST" duration-ms="7731">
      <class name="testScript.Mscript">
        <test-method is-config="true" signature="beforetetst()[pri:0, instance:testScript.Mscript@123ef382]" started-at="2021-10-25T11:03:56 SAST" name="beforetetst" finished-at="2021-10-25T11:03:56 SAST" duration-ms="13" status="PASS">
          <reporter-output>
          </reporter-output>
        </test-method> <!-- beforetetst -->
        <test-method signature="test()[pri:0, instance:testScript.Mscript@123ef382]" started-at="2021-10-25T11:03:56 SAST" name="test" finished-at="2021-10-25T11:04:03 SAST" duration-ms="7368" status="PASS">
          <reporter-output>
          </reporter-output>
        </test-method> <!-- test -->
        <test-method is-config="true" signature="afterTest()[pri:0, instance:testScript.Mscript@123ef382]" started-at="2021-10-25T11:04:03 SAST" name="afterTest" finished-at="2021-10-25T11:04:04 SAST" duration-ms="287" status="PASS">
          <reporter-output>
          </reporter-output>
        </test-method> <!-- afterTest -->
      </class> <!-- testScript.Mscript -->
    </test> <!-- Default test -->
  </suite> <!-- Default suite -->
</testng-results>
