<?xml version="1.0" encoding="UTF-8"?>
<testng-results ignored="0" total="1" passed="1" failed="0" skipped="0">
  <reporter-output>
  </reporter-output>
  <suite started-at="2021-10-20T12:07:41 SAST" name="Default suite" finished-at="2021-10-20T12:10:06 SAST" duration-ms="144956">
    <groups>
    </groups>
    <test started-at="2021-10-20T12:07:41 SAST" name="Default test" finished-at="2021-10-20T12:10:06 SAST" duration-ms="144956">
      <class name="testing.Registration">
        <test-method is-config="true" signature="launch()[pri:0, instance:testing.Registration@35047d03]" started-at="2021-10-20T12:07:41 SAST" name="launch" finished-at="2021-10-20T12:07:59 SAST" duration-ms="18451" status="PASS">
          <reporter-output>
          </reporter-output>
        </test-method> <!-- launch -->
        <test-method signature="Registration()[pri:0, instance:testing.Registration@35047d03]" started-at="2021-10-20T12:08:00 SAST" name="Registration" finished-at="2021-10-20T12:10:06 SAST" duration-ms="126044" status="PASS">
          <reporter-output>
          </reporter-output>
        </test-method> <!-- Registration -->
        <test-method is-config="true" signature="closeBrowser()[pri:0, instance:testing.Registration@35047d03]" started-at="2021-10-20T12:10:06 SAST" name="closeBrowser" finished-at="2021-10-20T12:10:06 SAST" duration-ms="382" status="PASS">
          <reporter-output>
          </reporter-output>
        </test-method> <!-- closeBrowser -->
      </class> <!-- testing.Registration -->
    </test> <!-- Default test -->
  </suite> <!-- Default suite -->
</testng-results>
