<?xml version="1.0" encoding="UTF-8"?>
<testng-results ignored="0" total="1" passed="1" failed="0" skipped="0">
  <reporter-output>
  </reporter-output>
  <suite started-at="2021-10-21T08:15:30 SAST" name="Default suite" finished-at="2021-10-21T08:17:52 SAST" duration-ms="141587">
    <groups>
    </groups>
    <test started-at="2021-10-21T08:15:30 SAST" name="Default test" finished-at="2021-10-21T08:17:52 SAST" duration-ms="141587">
      <class name="testing.Registration">
        <test-method is-config="true" signature="launch()[pri:0, instance:testing.Registration@29626d54]" started-at="2021-10-21T08:15:30 SAST" name="launch" finished-at="2021-10-21T08:15:45 SAST" duration-ms="14108" status="PASS">
          <reporter-output>
          </reporter-output>
        </test-method> <!-- launch -->
        <test-method signature="Registration()[pri:0, instance:testing.Registration@29626d54]" started-at="2021-10-21T08:15:45 SAST" name="Registration" finished-at="2021-10-21T08:17:52 SAST" duration-ms="127134" status="PASS">
          <reporter-output>
          </reporter-output>
        </test-method> <!-- Registration -->
        <test-method is-config="true" signature="closeBrowser()[pri:0, instance:testing.Registration@29626d54]" started-at="2021-10-21T08:17:52 SAST" name="closeBrowser" finished-at="2021-10-21T08:17:52 SAST" duration-ms="279" status="PASS">
          <reporter-output>
          </reporter-output>
        </test-method> <!-- closeBrowser -->
      </class> <!-- testing.Registration -->
    </test> <!-- Default test -->
  </suite> <!-- Default suite -->
</testng-results>
