<?xml version="1.0" encoding="UTF-8"?>
<testng-results ignored="0" total="2" passed="2" failed="0" skipped="0">
  <reporter-output>
  </reporter-output>
  <suite started-at="2021-10-18T18:39:16 SAST" name="Default suite" finished-at="2021-10-18T18:40:02 SAST" duration-ms="45653">
    <groups>
    </groups>
    <test started-at="2021-10-18T18:39:16 SAST" name="Default test" finished-at="2021-10-18T18:40:02 SAST" duration-ms="45653">
      <class name="testNG.Adactin">
        <test-method is-config="true" signature="login()[pri:0, instance:testNG.Adactin@cd3fee8]" started-at="2021-10-18T18:39:16 SAST" name="login" finished-at="2021-10-18T18:39:32 SAST" duration-ms="16262" status="PASS">
          <reporter-output>
          </reporter-output>
        </test-method> <!-- login -->
        <test-method signature="checkDate()[pri:0, instance:testNG.Adactin@cd3fee8]" started-at="2021-10-18T18:39:32 SAST" name="checkDate" finished-at="2021-10-18T18:39:47 SAST" duration-ms="14945" status="PASS">
          <reporter-output>
          </reporter-output>
        </test-method> <!-- checkDate -->
        <test-method signature="checkDates()[pri:0, instance:testNG.Adactin@cd3fee8]" started-at="2021-10-18T18:39:47 SAST" name="checkDates" finished-at="2021-10-18T18:40:01 SAST" duration-ms="13538" status="PASS">
          <reporter-output>
          </reporter-output>
        </test-method> <!-- checkDates -->
        <test-method is-config="true" signature="logout()[pri:0, instance:testNG.Adactin@cd3fee8]" started-at="2021-10-18T18:40:01 SAST" name="logout" finished-at="2021-10-18T18:40:02 SAST" duration-ms="818" status="PASS">
          <reporter-output>
          </reporter-output>
        </test-method> <!-- logout -->
      </class> <!-- testNG.Adactin -->
    </test> <!-- Default test -->
  </suite> <!-- Default suite -->
</testng-results>
